<?xml version='1.0' encoding='utf-8'?>
<vector><item index="0">25</item><item index="1">20</item><item index="2">15</item><item index="3">20</item><item index="4">25</item></vector>